This file contains any messages produced by compilers while
running configure, to aid debugging if configure makes a mistake.

It was created by pHash configure 0.0.5, which was
generated by GNU Autoconf 2.63.  Invocation command line was

  $ ./configure --enable-debug=no

## --------- ##
## Platform. ##
## --------- ##

hostname = midnight-raider
uname -m = i686
uname -r = 2.6.27.19-170.2.35.fc10.i686
uname -s = Linux
uname -v = #1 SMP Mon Feb 23 13:21:22 EST 2009

/usr/bin/uname -p = unknown
/bin/uname -X     = unknown

/bin/arch              = i686
/usr/bin/arch -k       = unknown
/usr/convex/getsysinfo = unknown
/usr/bin/hostinfo      = unknown
/bin/machine           = unknown
/usr/bin/oslevel       = unknown
/bin/universe          = unknown

PATH: /usr/lib/qt-3.3/bin
PATH: /usr/kerberos/bin
PATH: /usr/lib/ccache
PATH: /usr/local/bin
PATH: /usr/bin
PATH: /bin
PATH: /usr/local/sbin
PATH: /usr/sbin
PATH: /sbin
PATH: /home/eklinger/bin
PATH: /home/eklinger/bin


## ----------- ##
## Core tests. ##
## ----------- ##

configure:2077: checking for a BSD-compatible install
configure:2145: result: /usr/bin/install -c
configure:2156: checking whether build environment is sane
configure:2199: result: yes
configure:2224: checking for a thread-safe mkdir -p
configure:2263: result: /bin/mkdir -p
configure:2276: checking for gawk
configure:2292: found /usr/bin/gawk
configure:2303: result: gawk
configure:2314: checking whether make sets $(MAKE)
configure:2336: result: yes
configure:2583: checking for g++
configure:2599: found /usr/lib/ccache/g++
configure:2610: result: g++
configure:2637: checking for C++ compiler version
configure:2645: g++ --version >&5
g++ (GCC) 4.3.2 20081105 (Red Hat 4.3.2-7)
Copyright (C) 2008 Free Software Foundation, Inc.
This is free software; see the source for copying conditions.  There is NO
warranty; not even for MERCHANTABILITY or FITNESS FOR A PARTICULAR PURPOSE.

configure:2649: $? = 0
configure:2656: g++ -v >&5
Using built-in specs.
Target: i386-redhat-linux
Configured with: ../configure --prefix=/usr --mandir=/usr/share/man --infodir=/usr/share/info --with-bugurl=http://bugzilla.redhat.com/bugzilla --enable-bootstrap --enable-shared --enable-threads=posix --enable-checking=release --with-system-zlib --enable-__cxa_atexit --disable-libunwind-exceptions --enable-languages=c,c++,objc,obj-c++,java,fortran,ada --enable-java-awt=gtk --disable-dssi --enable-plugin --with-java-home=/usr/lib/jvm/java-1.5.0-gcj-1.5.0.0/jre --enable-libgcj-multifile --enable-java-maintainer-mode --with-ecj-jar=/usr/share/java/eclipse-ecj.jar --disable-libjava-multilib --with-cpu=generic --build=i386-redhat-linux
Thread model: posix
gcc version 4.3.2 20081105 (Red Hat 4.3.2-7) (GCC) 
configure:2660: $? = 0
configure:2667: g++ -V >&5
g++: '-V' option must have argument
configure:2671: $? = 1
configure:2694: checking for C++ compiler default output file name
configure:2716: g++    conftest.cpp  >&5
configure:2720: $? = 0
configure:2758: result: a.out
configure:2777: checking whether the C++ compiler works
configure:2787: ./a.out
configure:2791: $? = 0
configure:2810: result: yes
configure:2817: checking whether we are cross compiling
configure:2819: result: no
configure:2822: checking for suffix of executables
configure:2829: g++ -o conftest    conftest.cpp  >&5
configure:2833: $? = 0
configure:2859: result: 
configure:2865: checking for suffix of object files
configure:2891: g++ -c   conftest.cpp >&5
configure:2895: $? = 0
configure:2920: result: o
configure:2924: checking whether we are using the GNU C++ compiler
configure:2953: g++ -c   conftest.cpp >&5
configure:2960: $? = 0
configure:2977: result: yes
configure:2986: checking whether g++ accepts -g
configure:3016: g++ -c -g  conftest.cpp >&5
configure:3023: $? = 0
configure:3124: result: yes
configure:3158: checking for style of include used by make
configure:3186: result: GNU
configure:3211: checking dependency style of g++
configure:3302: result: gcc3
configure:3365: checking for gcc
configure:3381: found /usr/lib/ccache/gcc
configure:3392: result: gcc
configure:3624: checking for C compiler version
configure:3632: gcc --version >&5
gcc (GCC) 4.3.2 20081105 (Red Hat 4.3.2-7)
Copyright (C) 2008 Free Software Foundation, Inc.
This is free software; see the source for copying conditions.  There is NO
warranty; not even for MERCHANTABILITY or FITNESS FOR A PARTICULAR PURPOSE.

configure:3636: $? = 0
configure:3643: gcc -v >&5
Using built-in specs.
Target: i386-redhat-linux
Configured with: ../configure --prefix=/usr --mandir=/usr/share/man --infodir=/usr/share/info --with-bugurl=http://bugzilla.redhat.com/bugzilla --enable-bootstrap --enable-shared --enable-threads=posix --enable-checking=release --with-system-zlib --enable-__cxa_atexit --disable-libunwind-exceptions --enable-languages=c,c++,objc,obj-c++,java,fortran,ada --enable-java-awt=gtk --disable-dssi --enable-plugin --with-java-home=/usr/lib/jvm/java-1.5.0-gcj-1.5.0.0/jre --enable-libgcj-multifile --enable-java-maintainer-mode --with-ecj-jar=/usr/share/java/eclipse-ecj.jar --disable-libjava-multilib --with-cpu=generic --build=i386-redhat-linux
Thread model: posix
gcc version 4.3.2 20081105 (Red Hat 4.3.2-7) (GCC) 
configure:3647: $? = 0
configure:3654: gcc -V >&5
gcc: '-V' option must have argument
configure:3658: $? = 1
configure:3661: checking whether we are using the GNU C compiler
configure:3690: gcc -c   conftest.c >&5
configure:3697: $? = 0
configure:3714: result: yes
configure:3723: checking whether gcc accepts -g
configure:3753: gcc -c -g  conftest.c >&5
configure:3760: $? = 0
configure:3861: result: yes
configure:3878: checking for gcc option to accept ISO C89
configure:3952: gcc  -c -g -O2  conftest.c >&5
configure:3959: $? = 0
configure:3982: result: none needed
configure:4002: checking dependency style of gcc
configure:4093: result: gcc3
configure:4109: checking whether to enable debugging
configure:4135: checking for a BSD-compatible install
configure:4203: result: /usr/bin/install -c
configure:4214: checking whether ln -s works
configure:4218: result: yes
configure:4304: checking build system type
configure:4322: result: i686-pc-linux-gnu
configure:4344: checking host system type
configure:4359: result: i686-pc-linux-gnu
configure:4381: checking for a sed that does not truncate output
configure:4437: result: /bin/sed
configure:4440: checking for grep that handles long lines and -e
configure:4500: result: /bin/grep
configure:4505: checking for egrep
configure:4569: result: /bin/grep -E
configure:4585: checking for ld used by gcc
configure:4652: result: /usr/bin/ld
configure:4661: checking if the linker (/usr/bin/ld) is GNU ld
configure:4676: result: yes
configure:4681: checking for /usr/bin/ld option to reload object files
configure:4688: result: -r
configure:4706: checking for BSD-compatible nm
configure:4755: result: /usr/bin/nm -B
configure:4759: checking how to recognize dependent libraries
configure:4945: result: pass_all
configure:5195: checking how to run the C preprocessor
configure:5235: gcc -E  conftest.c
configure:5242: $? = 0
configure:5273: gcc -E  conftest.c
conftest.c:10:28: error: ac_nonexistent.h: No such file or directory
configure:5280: $? = 1
configure: failed program was:
| /* confdefs.h.  */
| #define PACKAGE_NAME "pHash"
| #define PACKAGE_TARNAME "phash"
| #define PACKAGE_VERSION "0.0.5"
| #define PACKAGE_STRING "pHash 0.0.5"
| #define PACKAGE_BUGREPORT "support@phash.org"
| #define PACKAGE "pHash"
| #define VERSION "0.0.5"
| /* end confdefs.h.  */
| #include <ac_nonexistent.h>
configure:5313: result: gcc -E
configure:5342: gcc -E  conftest.c
configure:5349: $? = 0
configure:5380: gcc -E  conftest.c
conftest.c:10:28: error: ac_nonexistent.h: No such file or directory
configure:5387: $? = 1
configure: failed program was:
| /* confdefs.h.  */
| #define PACKAGE_NAME "pHash"
| #define PACKAGE_TARNAME "phash"
| #define PACKAGE_VERSION "0.0.5"
| #define PACKAGE_STRING "pHash 0.0.5"
| #define PACKAGE_BUGREPORT "support@phash.org"
| #define PACKAGE "pHash"
| #define VERSION "0.0.5"
| /* end confdefs.h.  */
| #include <ac_nonexistent.h>
configure:5427: checking for ANSI C header files
configure:5457: gcc -c -g -O2  conftest.c >&5
configure:5464: $? = 0
configure:5563: gcc -o conftest -g -O2   conftest.c  >&5
configure:5567: $? = 0
configure:5573: ./conftest
configure:5577: $? = 0
configure:5595: result: yes
configure:5619: checking for sys/types.h
configure:5640: gcc -c -g -O2  conftest.c >&5
configure:5647: $? = 0
configure:5664: result: yes
configure:5619: checking for sys/stat.h
configure:5640: gcc -c -g -O2  conftest.c >&5
configure:5647: $? = 0
configure:5664: result: yes
configure:5619: checking for stdlib.h
configure:5640: gcc -c -g -O2  conftest.c >&5
configure:5647: $? = 0
configure:5664: result: yes
configure:5619: checking for string.h
configure:5640: gcc -c -g -O2  conftest.c >&5
configure:5647: $? = 0
configure:5664: result: yes
configure:5619: checking for memory.h
configure:5640: gcc -c -g -O2  conftest.c >&5
configure:5647: $? = 0
configure:5664: result: yes
configure:5619: checking for strings.h
configure:5640: gcc -c -g -O2  conftest.c >&5
configure:5647: $? = 0
configure:5664: result: yes
configure:5619: checking for inttypes.h
configure:5640: gcc -c -g -O2  conftest.c >&5
configure:5647: $? = 0
configure:5664: result: yes
configure:5619: checking for stdint.h
configure:5640: gcc -c -g -O2  conftest.c >&5
configure:5647: $? = 0
configure:5664: result: yes
configure:5619: checking for unistd.h
configure:5640: gcc -c -g -O2  conftest.c >&5
configure:5647: $? = 0
configure:5664: result: yes
configure:5694: checking dlfcn.h usability
configure:5711: gcc -c -g -O2  conftest.c >&5
configure:5718: $? = 0
configure:5732: result: yes
configure:5736: checking dlfcn.h presence
configure:5751: gcc -E  conftest.c
configure:5758: $? = 0
configure:5772: result: yes
configure:5805: checking for dlfcn.h
configure:5814: result: yes
configure:5839: checking how to run the C++ preprocessor
configure:5875: g++ -E  conftest.cpp
configure:5882: $? = 0
configure:5913: g++ -E  conftest.cpp
conftest.cpp:21:28: error: ac_nonexistent.h: No such file or directory
configure:5920: $? = 1
configure: failed program was:
| /* confdefs.h.  */
| #define PACKAGE_NAME "pHash"
| #define PACKAGE_TARNAME "phash"
| #define PACKAGE_VERSION "0.0.5"
| #define PACKAGE_STRING "pHash 0.0.5"
| #define PACKAGE_BUGREPORT "support@phash.org"
| #define PACKAGE "pHash"
| #define VERSION "0.0.5"
| #define STDC_HEADERS 1
| #define HAVE_SYS_TYPES_H 1
| #define HAVE_SYS_STAT_H 1
| #define HAVE_STDLIB_H 1
| #define HAVE_STRING_H 1
| #define HAVE_MEMORY_H 1
| #define HAVE_STRINGS_H 1
| #define HAVE_INTTYPES_H 1
| #define HAVE_STDINT_H 1
| #define HAVE_UNISTD_H 1
| #define HAVE_DLFCN_H 1
| /* end confdefs.h.  */
| #include <ac_nonexistent.h>
configure:5953: result: g++ -E
configure:5982: g++ -E  conftest.cpp
configure:5989: $? = 0
configure:6020: g++ -E  conftest.cpp
conftest.cpp:21:28: error: ac_nonexistent.h: No such file or directory
configure:6027: $? = 1
configure: failed program was:
| /* confdefs.h.  */
| #define PACKAGE_NAME "pHash"
| #define PACKAGE_TARNAME "phash"
| #define PACKAGE_VERSION "0.0.5"
| #define PACKAGE_STRING "pHash 0.0.5"
| #define PACKAGE_BUGREPORT "support@phash.org"
| #define PACKAGE "pHash"
| #define VERSION "0.0.5"
| #define STDC_HEADERS 1
| #define HAVE_SYS_TYPES_H 1
| #define HAVE_SYS_STAT_H 1
| #define HAVE_STDLIB_H 1
| #define HAVE_STRING_H 1
| #define HAVE_MEMORY_H 1
| #define HAVE_STRINGS_H 1
| #define HAVE_INTTYPES_H 1
| #define HAVE_STDINT_H 1
| #define HAVE_UNISTD_H 1
| #define HAVE_DLFCN_H 1
| /* end confdefs.h.  */
| #include <ac_nonexistent.h>
configure:6072: checking the maximum length of command line arguments
configure:6184: result: 1966080
configure:6196: checking command to parse /usr/bin/nm -B output from gcc object
configure:6301: g++ -c -O2 -ffast-math  conftest.cpp >&5
configure:6304: $? = 0
configure:6308: /usr/bin/nm -B conftest.o \| sed -n -e 's/^.*[ 	]\([ABCDGIRSTW][ABCDGIRSTW]*\)[ 	][ 	]*\([_A-Za-z][_A-Za-z0-9]*\)$/\1 \2 \2/p' \> conftest.nm
configure:6311: $? = 0
configure:6363: g++ -o conftest -O2 -ffast-math   conftest.cpp conftstm.o >&5
configure:6366: $? = 0
configure:6404: result: ok
configure:6408: checking for objdir
configure:6423: result: .libs
configure:6515: checking for ar
configure:6531: found /usr/bin/ar
configure:6542: result: ar
configure:6607: checking for ranlib
configure:6623: found /usr/bin/ranlib
configure:6634: result: ranlib
configure:6699: checking for strip
configure:6715: found /usr/bin/strip
configure:6726: result: strip
configure:7316: checking if gcc supports -fno-rtti -fno-exceptions
configure:7334: gcc -c -g -O2  -fno-rtti -fno-exceptions conftest.c >&5
cc1: warning: command line option "-fno-rtti" is valid for C++/ObjC++ but not for C
cc1: warning: command line option "-fno-rtti" is valid for C++/ObjC++ but not for C
configure:7338: $? = 0
configure:7351: result: no
configure:7366: checking for gcc option to produce PIC
configure:7598: result: -fPIC
configure:7606: checking if gcc PIC flag -fPIC works
configure:7624: gcc -c -g -O2  -fPIC -DPIC conftest.c >&5
configure:7628: $? = 0
configure:7641: result: yes
configure:7669: checking if gcc static flag -static works
configure:7697: result: yes
configure:7707: checking if gcc supports -c -o file.o
configure:7728: gcc -c -g -O2  -o out/conftest2.o conftest.c >&5
configure:7732: $? = 0
configure:7754: result: yes
configure:7780: checking whether the gcc linker (/usr/bin/ld) supports shared libraries
configure:8768: result: yes
configure:8789: checking whether -lc should be explicitly linked in
configure:8794: gcc -c -g -O2  conftest.c >&5
configure:8797: $? = 0
configure:8812: gcc -shared conftest.o  -v -Wl,-soname -Wl,conftest -o conftest 2\>\&1 \| grep  -lc  \>/dev/null 2\>\&1
configure:8815: $? = 0
configure:8827: result: no
configure:8835: checking dynamic linker characteristics
configure:9439: result: GNU/Linux ld.so
configure:9463: checking how to hardcode library paths into programs
configure:9488: result: immediate
configure:9502: checking whether stripping libraries is possible
configure:9507: result: yes
configure:10337: checking if libtool supports shared libraries
configure:10339: result: yes
configure:10342: checking whether to build shared libraries
configure:10363: result: yes
configure:10366: checking whether to build static libraries
configure:10370: result: yes
configure:10464: creating libtool
configure:11057: checking for ld used by g++
configure:11124: result: /usr/bin/ld
configure:11133: checking if the linker (/usr/bin/ld) is GNU ld
configure:11148: result: yes
configure:11199: checking whether the g++ linker (/usr/bin/ld) supports shared libraries
configure:12153: result: yes
configure:12170: g++ -c -O2 -ffast-math  conftest.cpp >&5
configure:12173: $? = 0
configure:12329: checking for g++ option to produce PIC
configure:12613: result: -fPIC
configure:12621: checking if g++ PIC flag -fPIC works
configure:12639: g++ -c -O2 -ffast-math  -fPIC -DPIC conftest.cpp >&5
configure:12643: $? = 0
configure:12656: result: yes
configure:12684: checking if g++ static flag -static works
configure:12712: result: yes
configure:12722: checking if g++ supports -c -o file.o
configure:12743: g++ -c -O2 -ffast-math  -o out/conftest2.o conftest.cpp >&5
configure:12747: $? = 0
configure:12769: result: yes
configure:12795: checking whether the g++ linker (/usr/bin/ld) supports shared libraries
configure:12821: result: yes
configure:12888: checking dynamic linker characteristics
configure:13440: result: GNU/Linux ld.so
configure:13464: checking how to hardcode library paths into programs
configure:13489: result: immediate
configure:17115: checking for avcodec_alloc_frame in -lavcodec
configure:17150: gcc -o conftest -g -O2   conftest.c -lavcodec   >&5
configure:17157: $? = 0
configure:17178: result: yes
configure:17190: checking for avformat_alloc_context in -lavformat
configure:17225: gcc -o conftest -g -O2   conftest.c -lavformat  -lavcodec  >&5
configure:17232: $? = 0
configure:17253: result: yes
configure:17265: checking for avutil_version in -lavutil
configure:17300: gcc -o conftest -g -O2   conftest.c -lavutil  -lavformat -lavcodec  >&5
configure:17307: $? = 0
configure:17328: result: yes
configure:17340: checking for fftw_plan_dft_r2c_1d in -lfftw3
configure:17375: gcc -o conftest -g -O2   conftest.c -lfftw3  -lavutil -lavformat -lavcodec  >&5
configure:17382: $? = 0
configure:17403: result: yes
configure:17415: checking for jpeg_read_header in -ljpeg
configure:17450: gcc -o conftest -g -O2   conftest.c -ljpeg  -lfftw3 -lavutil -lavformat -lavcodec  >&5
configure:17457: $? = 0
configure:17478: result: yes
configure:17490: checking for sqrt in -lm
configure:17525: gcc -o conftest -g -O2   conftest.c -lm  -ljpeg -lfftw3 -lavutil -lavformat -lavcodec  >&5
conftest.c:33: warning: conflicting types for built-in function 'sqrt'
configure:17532: $? = 0
configure:17553: result: yes
configure:17565: checking for png_create_read_struct in -lpng
configure:17600: gcc -o conftest -g -O2   conftest.c -lpng  -lm -ljpeg -lfftw3 -lavutil -lavformat -lavcodec  >&5
configure:17607: $? = 0
configure:17628: result: yes
configure:17640: checking for pthread_create in -lpthread
configure:17675: gcc -o conftest -g -O2   conftest.c -lpthread  -lpng -lm -ljpeg -lfftw3 -lavutil -lavformat -lavcodec  >&5
configure:17682: $? = 0
configure:17703: result: yes
configure:17715: checking for sws_getContext in -lswscale
configure:17750: gcc -o conftest -g -O2   conftest.c -lswscale  -lpthread -lpng -lm -ljpeg -lfftw3 -lavutil -lavformat -lavcodec  >&5
configure:17757: $? = 0
configure:17778: result: yes
configure:17811: checking limits.h usability
configure:17828: gcc -c -g -O2  conftest.c >&5
configure:17835: $? = 0
configure:17849: result: yes
configure:17853: checking limits.h presence
configure:17868: gcc -E  conftest.c
configure:17875: $? = 0
configure:17889: result: yes
configure:17922: checking for limits.h
configure:17931: result: yes
configure:17800: checking for stdlib.h
configure:17807: result: yes
configure:17800: checking for string.h
configure:17807: result: yes
configure:17811: checking sys/time.h usability
configure:17828: gcc -c -g -O2  conftest.c >&5
configure:17835: $? = 0
configure:17849: result: yes
configure:17853: checking sys/time.h presence
configure:17868: gcc -E  conftest.c
configure:17875: $? = 0
configure:17889: result: yes
configure:17922: checking for sys/time.h
configure:17931: result: yes
configure:17800: checking for unistd.h
configure:17807: result: yes
configure:17948: checking for stdbool.h that conforms to C99
configure:18043: gcc -c -g -O2  conftest.c >&5
configure:18050: $? = 0
configure:18065: result: yes
configure:18067: checking for _Bool
configure:18095: gcc -c -g -O2  conftest.c >&5
configure:18102: $? = 0
configure:18129: gcc -c -g -O2  conftest.c >&5
conftest.c: In function 'main':
conftest.c:71: error: expected expression before ')' token
configure:18136: $? = 1
configure: failed program was:
| /* confdefs.h.  */
| #define PACKAGE_NAME "pHash"
| #define PACKAGE_TARNAME "phash"
| #define PACKAGE_VERSION "0.0.5"
| #define PACKAGE_STRING "pHash 0.0.5"
| #define PACKAGE_BUGREPORT "support@phash.org"
| #define PACKAGE "pHash"
| #define VERSION "0.0.5"
| #define STDC_HEADERS 1
| #define HAVE_SYS_TYPES_H 1
| #define HAVE_SYS_STAT_H 1
| #define HAVE_STDLIB_H 1
| #define HAVE_STRING_H 1
| #define HAVE_MEMORY_H 1
| #define HAVE_STRINGS_H 1
| #define HAVE_INTTYPES_H 1
| #define HAVE_STDINT_H 1
| #define HAVE_UNISTD_H 1
| #define HAVE_DLFCN_H 1
| #define HAVE_LIBAVCODEC 1
| #define HAVE_LIBAVFORMAT 1
| #define HAVE_LIBAVUTIL 1
| #define HAVE_LIBFFTW3 1
| #define HAVE_LIBJPEG 1
| #define HAVE_LIBM 1
| #define HAVE_LIBPNG 1
| #define HAVE_LIBPTHREAD 1
| #define HAVE_LIBSWSCALE 1
| #define HAVE_LIMITS_H 1
| #define HAVE_STDLIB_H 1
| #define HAVE_STRING_H 1
| #define HAVE_SYS_TIME_H 1
| #define HAVE_UNISTD_H 1
| /* end confdefs.h.  */
| #include <stdio.h>
| #ifdef HAVE_SYS_TYPES_H
| # include <sys/types.h>
| #endif
| #ifdef HAVE_SYS_STAT_H
| # include <sys/stat.h>
| #endif
| #ifdef STDC_HEADERS
| # include <stdlib.h>
| # include <stddef.h>
| #else
| # ifdef HAVE_STDLIB_H
| #  include <stdlib.h>
| # endif
| #endif
| #ifdef HAVE_STRING_H
| # if !defined STDC_HEADERS && defined HAVE_MEMORY_H
| #  include <memory.h>
| # endif
| # include <string.h>
| #endif
| #ifdef HAVE_STRINGS_H
| # include <strings.h>
| #endif
| #ifdef HAVE_INTTYPES_H
| # include <inttypes.h>
| #endif
| #ifdef HAVE_STDINT_H
| # include <stdint.h>
| #endif
| #ifdef HAVE_UNISTD_H
| # include <unistd.h>
| #endif
| int
| main ()
| {
| if (sizeof ((_Bool)))
| 	  return 0;
|   ;
|   return 0;
| }
configure:18159: result: yes
configure:18178: checking for inline
configure:18204: gcc -c -g -O2  conftest.c >&5
configure:18211: $? = 0
configure:18229: result: inline
configure:18249: checking for int16_t
configure:18280: gcc -c -g -O2  conftest.c >&5
configure:18287: $? = 0
configure:18316: gcc -c -g -O2  conftest.c >&5
conftest.c: In function 'main':
conftest.c:74: error: size of array 'test_array' is negative
configure:18323: $? = 1
configure: failed program was:
| /* confdefs.h.  */
| #define PACKAGE_NAME "pHash"
| #define PACKAGE_TARNAME "phash"
| #define PACKAGE_VERSION "0.0.5"
| #define PACKAGE_STRING "pHash 0.0.5"
| #define PACKAGE_BUGREPORT "support@phash.org"
| #define PACKAGE "pHash"
| #define VERSION "0.0.5"
| #define STDC_HEADERS 1
| #define HAVE_SYS_TYPES_H 1
| #define HAVE_SYS_STAT_H 1
| #define HAVE_STDLIB_H 1
| #define HAVE_STRING_H 1
| #define HAVE_MEMORY_H 1
| #define HAVE_STRINGS_H 1
| #define HAVE_INTTYPES_H 1
| #define HAVE_STDINT_H 1
| #define HAVE_UNISTD_H 1
| #define HAVE_DLFCN_H 1
| #define HAVE_LIBAVCODEC 1
| #define HAVE_LIBAVFORMAT 1
| #define HAVE_LIBAVUTIL 1
| #define HAVE_LIBFFTW3 1
| #define HAVE_LIBJPEG 1
| #define HAVE_LIBM 1
| #define HAVE_LIBPNG 1
| #define HAVE_LIBPTHREAD 1
| #define HAVE_LIBSWSCALE 1
| #define HAVE_LIMITS_H 1
| #define HAVE_STDLIB_H 1
| #define HAVE_STRING_H 1
| #define HAVE_SYS_TIME_H 1
| #define HAVE_UNISTD_H 1
| #define HAVE__BOOL 1
| #define HAVE_STDBOOL_H 1
| /* end confdefs.h.  */
| #include <stdio.h>
| #ifdef HAVE_SYS_TYPES_H
| # include <sys/types.h>
| #endif
| #ifdef HAVE_SYS_STAT_H
| # include <sys/stat.h>
| #endif
| #ifdef STDC_HEADERS
| # include <stdlib.h>
| # include <stddef.h>
| #else
| # ifdef HAVE_STDLIB_H
| #  include <stdlib.h>
| # endif
| #endif
| #ifdef HAVE_STRING_H
| # if !defined STDC_HEADERS && defined HAVE_MEMORY_H
| #  include <memory.h>
| # endif
| # include <string.h>
| #endif
| #ifdef HAVE_STRINGS_H
| # include <strings.h>
| #endif
| #ifdef HAVE_INTTYPES_H
| # include <inttypes.h>
| #endif
| #ifdef HAVE_STDINT_H
| # include <stdint.h>
| #endif
| #ifdef HAVE_UNISTD_H
| # include <unistd.h>
| #endif
| int
| main ()
| {
| static int test_array [1 - 2 * !((int16_t) ((((int16_t) 1 << (16 - 2)) - 1) * 2 + 1)
| 		 < (int16_t) ((((int16_t) 1 << (16 - 2)) - 1) * 2 + 2))];
| test_array [0] = 0
| 
|   ;
|   return 0;
| }
configure:18352: result: yes
configure:18364: checking for size_t
configure:18392: gcc -c -g -O2  conftest.c >&5
configure:18399: $? = 0
configure:18426: gcc -c -g -O2  conftest.c >&5
conftest.c: In function 'main':
conftest.c:73: error: expected expression before ')' token
configure:18433: $? = 1
configure: failed program was:
| /* confdefs.h.  */
| #define PACKAGE_NAME "pHash"
| #define PACKAGE_TARNAME "phash"
| #define PACKAGE_VERSION "0.0.5"
| #define PACKAGE_STRING "pHash 0.0.5"
| #define PACKAGE_BUGREPORT "support@phash.org"
| #define PACKAGE "pHash"
| #define VERSION "0.0.5"
| #define STDC_HEADERS 1
| #define HAVE_SYS_TYPES_H 1
| #define HAVE_SYS_STAT_H 1
| #define HAVE_STDLIB_H 1
| #define HAVE_STRING_H 1
| #define HAVE_MEMORY_H 1
| #define HAVE_STRINGS_H 1
| #define HAVE_INTTYPES_H 1
| #define HAVE_STDINT_H 1
| #define HAVE_UNISTD_H 1
| #define HAVE_DLFCN_H 1
| #define HAVE_LIBAVCODEC 1
| #define HAVE_LIBAVFORMAT 1
| #define HAVE_LIBAVUTIL 1
| #define HAVE_LIBFFTW3 1
| #define HAVE_LIBJPEG 1
| #define HAVE_LIBM 1
| #define HAVE_LIBPNG 1
| #define HAVE_LIBPTHREAD 1
| #define HAVE_LIBSWSCALE 1
| #define HAVE_LIMITS_H 1
| #define HAVE_STDLIB_H 1
| #define HAVE_STRING_H 1
| #define HAVE_SYS_TIME_H 1
| #define HAVE_UNISTD_H 1
| #define HAVE__BOOL 1
| #define HAVE_STDBOOL_H 1
| /* end confdefs.h.  */
| #include <stdio.h>
| #ifdef HAVE_SYS_TYPES_H
| # include <sys/types.h>
| #endif
| #ifdef HAVE_SYS_STAT_H
| # include <sys/stat.h>
| #endif
| #ifdef STDC_HEADERS
| # include <stdlib.h>
| # include <stddef.h>
| #else
| # ifdef HAVE_STDLIB_H
| #  include <stdlib.h>
| # endif
| #endif
| #ifdef HAVE_STRING_H
| # if !defined STDC_HEADERS && defined HAVE_MEMORY_H
| #  include <memory.h>
| # endif
| # include <string.h>
| #endif
| #ifdef HAVE_STRINGS_H
| # include <strings.h>
| #endif
| #ifdef HAVE_INTTYPES_H
| # include <inttypes.h>
| #endif
| #ifdef HAVE_STDINT_H
| # include <stdint.h>
| #endif
| #ifdef HAVE_UNISTD_H
| # include <unistd.h>
| #endif
| int
| main ()
| {
| if (sizeof ((size_t)))
| 	  return 0;
|   ;
|   return 0;
| }
configure:18456: result: yes
configure:18469: checking for uint32_t
configure:18500: gcc -c -g -O2  conftest.c >&5
configure:18507: $? = 0
configure:18528: result: yes
configure:18546: checking for uint8_t
configure:18577: gcc -c -g -O2  conftest.c >&5
configure:18584: $? = 0
configure:18605: result: yes
configure:18624: checking for error_at_line
configure:18650: gcc -o conftest -g -O2   conftest.c -lswscale -lpthread -lpng -lm -ljpeg -lfftw3 -lavutil -lavformat -lavcodec  >&5
configure:18657: $? = 0
configure:18677: result: yes
configure:18693: checking for stdlib.h
configure:18700: result: yes
configure:18839: checking for GNU libc compatible malloc
configure:18873: gcc -o conftest -g -O2   conftest.c -lswscale -lpthread -lpng -lm -ljpeg -lfftw3 -lavutil -lavformat -lavcodec  >&5
configure:18877: $? = 0
configure:18883: ./conftest
configure:18887: $? = 0
configure:18904: result: yes
configure:18937: checking for stdlib.h
configure:18944: result: yes
configure:19083: checking for GNU libc compatible realloc
configure:19117: gcc -o conftest -g -O2   conftest.c -lswscale -lpthread -lpng -lm -ljpeg -lfftw3 -lavutil -lavformat -lavcodec  >&5
configure:19121: $? = 0
configure:19127: ./conftest
configure:19131: $? = 0
configure:19148: result: yes
configure:19188: checking for floor
configure:19244: gcc -o conftest -g -O2   conftest.c -lswscale -lpthread -lpng -lm -ljpeg -lfftw3 -lavutil -lavformat -lavcodec  >&5
conftest.c:64: warning: conflicting types for built-in function 'floor'
configure:19251: $? = 0
configure:19273: result: yes
configure:19188: checking for gettimeofday
configure:19244: gcc -o conftest -g -O2   conftest.c -lswscale -lpthread -lpng -lm -ljpeg -lfftw3 -lavutil -lavformat -lavcodec  >&5
configure:19251: $? = 0
configure:19273: result: yes
configure:19188: checking for memmove
configure:19244: gcc -o conftest -g -O2   conftest.c -lswscale -lpthread -lpng -lm -ljpeg -lfftw3 -lavutil -lavformat -lavcodec  >&5
conftest.c:66: warning: conflicting types for built-in function 'memmove'
configure:19251: $? = 0
configure:19273: result: yes
configure:19188: checking for memset
configure:19244: gcc -o conftest -g -O2   conftest.c -lswscale -lpthread -lpng -lm -ljpeg -lfftw3 -lavutil -lavformat -lavcodec  >&5
conftest.c:67: warning: conflicting types for built-in function 'memset'
configure:19251: $? = 0
configure:19273: result: yes
configure:19188: checking for pow
configure:19244: gcc -o conftest -g -O2   conftest.c -lswscale -lpthread -lpng -lm -ljpeg -lfftw3 -lavutil -lavformat -lavcodec  >&5
conftest.c:68: warning: conflicting types for built-in function 'pow'
configure:19251: $? = 0
configure:19273: result: yes
configure:19188: checking for sqrt
configure:19244: gcc -o conftest -g -O2   conftest.c -lswscale -lpthread -lpng -lm -ljpeg -lfftw3 -lavutil -lavformat -lavcodec  >&5
conftest.c:69: warning: conflicting types for built-in function 'sqrt'
configure:19251: $? = 0
configure:19273: result: yes
configure:19188: checking for strcasecmp
configure:19244: gcc -o conftest -g -O2   conftest.c -lswscale -lpthread -lpng -lm -ljpeg -lfftw3 -lavutil -lavformat -lavcodec  >&5
conftest.c:70: warning: conflicting types for built-in function 'strcasecmp'
configure:19251: $? = 0
configure:19273: result: yes
configure:19188: checking for strdup
configure:19244: gcc -o conftest -g -O2   conftest.c -lswscale -lpthread -lpng -lm -ljpeg -lfftw3 -lavutil -lavformat -lavcodec  >&5
conftest.c:71: warning: conflicting types for built-in function 'strdup'
configure:19251: $? = 0
configure:19273: result: yes
configure:19188: checking for strncasecmp
configure:19244: gcc -o conftest -g -O2   conftest.c -lswscale -lpthread -lpng -lm -ljpeg -lfftw3 -lavutil -lavformat -lavcodec  >&5
conftest.c:72: warning: conflicting types for built-in function 'strncasecmp'
configure:19251: $? = 0
configure:19273: result: yes
configure:19411: creating ./config.status

## ---------------------- ##
## Running config.status. ##
## ---------------------- ##

This file was extended by pHash config.status 0.0.5, which was
generated by GNU Autoconf 2.63.  Invocation command line was

  CONFIG_FILES    = 
  CONFIG_HEADERS  = 
  CONFIG_LINKS    = 
  CONFIG_COMMANDS = 
  $ ./config.status 

on midnight-raider

config.status:822: creating Makefile
config.status:822: creating config.h
config.status:1044: config.h is unchanged
config.status:1096: executing depfiles commands

## ---------------- ##
## Cache variables. ##
## ---------------- ##

ac_cv_build=i686-pc-linux-gnu
ac_cv_c_compiler_gnu=yes
ac_cv_c_inline=inline
ac_cv_c_int16_t=yes
ac_cv_c_uint32_t=yes
ac_cv_c_uint8_t=yes
ac_cv_cxx_compiler_gnu=yes
ac_cv_env_CCC_set=
ac_cv_env_CCC_value=
ac_cv_env_CC_set=
ac_cv_env_CC_value=
ac_cv_env_CFLAGS_set=
ac_cv_env_CFLAGS_value=
ac_cv_env_CPPFLAGS_set=
ac_cv_env_CPPFLAGS_value=
ac_cv_env_CPP_set=
ac_cv_env_CPP_value=
ac_cv_env_CXXCPP_set=
ac_cv_env_CXXCPP_value=
ac_cv_env_CXXFLAGS_set=
ac_cv_env_CXXFLAGS_value=
ac_cv_env_CXX_set=
ac_cv_env_CXX_value=
ac_cv_env_LDFLAGS_set=
ac_cv_env_LDFLAGS_value=
ac_cv_env_LIBS_set=
ac_cv_env_LIBS_value=
ac_cv_env_build_alias_set=
ac_cv_env_build_alias_value=
ac_cv_env_host_alias_set=
ac_cv_env_host_alias_value=
ac_cv_env_target_alias_set=
ac_cv_env_target_alias_value=
ac_cv_func_floor=yes
ac_cv_func_gettimeofday=yes
ac_cv_func_malloc_0_nonnull=yes
ac_cv_func_memmove=yes
ac_cv_func_memset=yes
ac_cv_func_pow=yes
ac_cv_func_realloc_0_nonnull=yes
ac_cv_func_sqrt=yes
ac_cv_func_strcasecmp=yes
ac_cv_func_strdup=yes
ac_cv_func_strncasecmp=yes
ac_cv_header_dlfcn_h=yes
ac_cv_header_inttypes_h=yes
ac_cv_header_limits_h=yes
ac_cv_header_memory_h=yes
ac_cv_header_stdbool_h=yes
ac_cv_header_stdc=yes
ac_cv_header_stdint_h=yes
ac_cv_header_stdlib_h=yes
ac_cv_header_string_h=yes
ac_cv_header_strings_h=yes
ac_cv_header_sys_stat_h=yes
ac_cv_header_sys_time_h=yes
ac_cv_header_sys_types_h=yes
ac_cv_header_unistd_h=yes
ac_cv_host=i686-pc-linux-gnu
ac_cv_lib_avcodec_avcodec_alloc_frame=yes
ac_cv_lib_avformat_avformat_alloc_context=yes
ac_cv_lib_avutil_avutil_version=yes
ac_cv_lib_error_at_line=yes
ac_cv_lib_fftw3_fftw_plan_dft_r2c_1d=yes
ac_cv_lib_jpeg_jpeg_read_header=yes
ac_cv_lib_m_sqrt=yes
ac_cv_lib_png_png_create_read_struct=yes
ac_cv_lib_pthread_pthread_create=yes
ac_cv_lib_swscale_sws_getContext=yes
ac_cv_objext=o
ac_cv_path_EGREP='/bin/grep -E'
ac_cv_path_GREP=/bin/grep
ac_cv_path_install='/usr/bin/install -c'
ac_cv_path_mkdir=/bin/mkdir
ac_cv_prog_AWK=gawk
ac_cv_prog_CPP='gcc -E'
ac_cv_prog_CXXCPP='g++ -E'
ac_cv_prog_ac_ct_AR=ar
ac_cv_prog_ac_ct_CC=gcc
ac_cv_prog_ac_ct_CXX=g++
ac_cv_prog_ac_ct_RANLIB=ranlib
ac_cv_prog_ac_ct_STRIP=strip
ac_cv_prog_cc_c89=
ac_cv_prog_cc_g=yes
ac_cv_prog_cxx_g=yes
ac_cv_prog_make_make_set=yes
ac_cv_type__Bool=yes
ac_cv_type_size_t=yes
am_cv_CC_dependencies_compiler_type=gcc3
am_cv_CXX_dependencies_compiler_type=gcc3
lt_cv_deplibs_check_method=pass_all
lt_cv_file_magic_cmd='$MAGIC_CMD'
lt_cv_file_magic_test_file=
lt_cv_ld_reload_flag=-r
lt_cv_objdir=.libs
lt_cv_path_LD=/usr/bin/ld
lt_cv_path_LDCXX=/usr/bin/ld
lt_cv_path_NM='/usr/bin/nm -B'
lt_cv_path_SED=/bin/sed
lt_cv_prog_compiler_c_o=yes
lt_cv_prog_compiler_c_o_CXX=yes
lt_cv_prog_compiler_pic_works=yes
lt_cv_prog_compiler_pic_works_CXX=yes
lt_cv_prog_compiler_rtti_exceptions=no
lt_cv_prog_compiler_static_works=yes
lt_cv_prog_compiler_static_works_CXX=yes
lt_cv_prog_gnu_ld=yes
lt_cv_prog_gnu_ldcxx=yes
lt_cv_sys_global_symbol_pipe='sed -n -e '\''s/^.*[ 	]\([ABCDGIRSTW][ABCDGIRSTW]*\)[ 	][ 	]*\([_A-Za-z][_A-Za-z0-9]*\)$/\1 \2 \2/p'\'''
lt_cv_sys_global_symbol_to_c_name_address='sed -n -e '\''s/^: \([^ ]*\) $/  {\"\1\", (lt_ptr) 0},/p'\'' -e '\''s/^[BCDEGRST] \([^ ]*\) \([^ ]*\)$/  {"\2", (lt_ptr) \&\2},/p'\'''
lt_cv_sys_global_symbol_to_cdecl='sed -n -e '\''s/^. .* \(.*\)$/extern int \1;/p'\'''
lt_cv_sys_lib_dlsearch_path_spec='/usr/lib /lib /usr/lib/atlas /usr/local/lib /usr/lib/mysql /usr/lib/octave-3.0.3 /usr/lib/qt-3.3/lib /usr/lib/wine/ /usr/lib/xulrunner-1.9 '
lt_cv_sys_lib_search_path_spec='/usr/lib /lib /usr/local/lib'
lt_cv_sys_max_cmd_len=1966080
lt_lt_cv_prog_compiler_c_o='"yes"'
lt_lt_cv_prog_compiler_c_o_CXX='"yes"'
lt_lt_cv_sys_global_symbol_pipe='"sed -n -e '\''s/^.*[ 	]\\([ABCDGIRSTW][ABCDGIRSTW]*\\)[ 	][ 	]*\\([_A-Za-z][_A-Za-z0-9]*\\)\$/\\1 \\2 \\2/p'\''"'
lt_lt_cv_sys_global_symbol_to_c_name_address='"sed -n -e '\''s/^: \\([^ ]*\\) \$/  {\\\"\\1\\\", (lt_ptr) 0},/p'\'' -e '\''s/^[BCDEGRST] \\([^ ]*\\) \\([^ ]*\\)\$/  {\"\\2\", (lt_ptr) \\&\\2},/p'\''"'
lt_lt_cv_sys_global_symbol_to_cdecl='"sed -n -e '\''s/^. .* \\(.*\\)\$/extern int \\1;/p'\''"'

## ----------------- ##
## Output variables. ##
## ----------------- ##

ACLOCAL='${SHELL} /home/eklinger/pHash/trunk/missing --run aclocal-1.10'
AMDEPBACKSLASH='\'
AMDEP_FALSE='#'
AMDEP_TRUE=''
AMTAR='${SHELL} /home/eklinger/pHash/trunk/missing --run tar'
AR='ar'
AUTOCONF='${SHELL} /home/eklinger/pHash/trunk/missing --run autoconf'
AUTOHEADER='${SHELL} /home/eklinger/pHash/trunk/missing --run autoheader'
AUTOMAKE='${SHELL} /home/eklinger/pHash/trunk/missing --run automake-1.10'
AWK='gawk'
CC='gcc'
CCDEPMODE='depmode=gcc3'
CFLAGS='-g -O2'
CPP='gcc -E'
CPPFLAGS=''
CXX='g++'
CXXCPP='g++ -E'
CXXDEPMODE='depmode=gcc3'
CXXFLAGS='-O2 -ffast-math'
CYGPATH_W='echo'
DEFS='-DHAVE_CONFIG_H'
DEPDIR='.deps'
DSYMUTIL=''
ECHO='echo'
ECHO_C=''
ECHO_N='-n'
ECHO_T=''
EGREP='/bin/grep -E'
EXEEXT=''
GREP='/bin/grep'
INSTALL_DATA='${INSTALL} -m 644'
INSTALL_PROGRAM='${INSTALL}'
INSTALL_SCRIPT='${INSTALL}'
INSTALL_STRIP_PROGRAM='$(install_sh) -c -s'
LDFLAGS=''
LIBOBJS=''
LIBS='-lswscale -lpthread -lpng -lm -ljpeg -lfftw3 -lavutil -lavformat -lavcodec '
LIBTOOL='$(SHELL) $(top_builddir)/libtool'
LN_S='ln -s'
LTLIBOBJS=''
MAKEINFO='${SHELL} /home/eklinger/pHash/trunk/missing --run makeinfo'
MKDIR_P='/bin/mkdir -p'
NMEDIT=''
OBJEXT='o'
PACKAGE='pHash'
PACKAGE_BUGREPORT='support@phash.org'
PACKAGE_NAME='pHash'
PACKAGE_STRING='pHash 0.0.5'
PACKAGE_TARNAME='phash'
PACKAGE_VERSION='0.0.5'
PATH_SEPARATOR=':'
RANLIB='ranlib'
SED='/bin/sed'
SET_MAKE=''
SHELL='/bin/sh'
STRIP='strip'
VERSION='0.0.5'
ac_ct_CC='gcc'
ac_ct_CXX='g++'
am__fastdepCC_FALSE='#'
am__fastdepCC_TRUE=''
am__fastdepCXX_FALSE='#'
am__fastdepCXX_TRUE=''
am__include='include'
am__isrc=''
am__leading_dot='.'
am__quote=''
am__tar='${AMTAR} chof - "$$tardir"'
am__untar='${AMTAR} xf -'
bindir='${exec_prefix}/bin'
build='i686-pc-linux-gnu'
build_alias=''
build_cpu='i686'
build_os='linux-gnu'
build_vendor='pc'
datadir='${datarootdir}'
datarootdir='${prefix}/share'
docdir='${datarootdir}/doc/${PACKAGE_TARNAME}'
dvidir='${docdir}'
exec_prefix='${prefix}'
host='i686-pc-linux-gnu'
host_alias=''
host_cpu='i686'
host_os='linux-gnu'
host_vendor='pc'
htmldir='${docdir}'
includedir='${prefix}/include'
infodir='${datarootdir}/info'
install_sh='$(SHELL) /home/eklinger/pHash/trunk/install-sh'
libdir='${exec_prefix}/lib'
libexecdir='${exec_prefix}/libexec'
localedir='${datarootdir}/locale'
localstatedir='${prefix}/var'
mandir='${datarootdir}/man'
mkdir_p='/bin/mkdir -p'
oldincludedir='/usr/include'
pdfdir='${docdir}'
prefix='/usr/local'
program_transform_name='s,x,x,'
psdir='${docdir}'
sbindir='${exec_prefix}/sbin'
sharedstatedir='${prefix}/com'
sysconfdir='${prefix}/etc'
target_alias=''

## ----------- ##
## confdefs.h. ##
## ----------- ##

#define PACKAGE_NAME "pHash"
#define PACKAGE_TARNAME "phash"
#define PACKAGE_VERSION "0.0.5"
#define PACKAGE_STRING "pHash 0.0.5"
#define PACKAGE_BUGREPORT "support@phash.org"
#define PACKAGE "pHash"
#define VERSION "0.0.5"
#define STDC_HEADERS 1
#define HAVE_SYS_TYPES_H 1
#define HAVE_SYS_STAT_H 1
#define HAVE_STDLIB_H 1
#define HAVE_STRING_H 1
#define HAVE_MEMORY_H 1
#define HAVE_STRINGS_H 1
#define HAVE_INTTYPES_H 1
#define HAVE_STDINT_H 1
#define HAVE_UNISTD_H 1
#define HAVE_DLFCN_H 1
#define HAVE_LIBAVCODEC 1
#define HAVE_LIBAVFORMAT 1
#define HAVE_LIBAVUTIL 1
#define HAVE_LIBFFTW3 1
#define HAVE_LIBJPEG 1
#define HAVE_LIBM 1
#define HAVE_LIBPNG 1
#define HAVE_LIBPTHREAD 1
#define HAVE_LIBSWSCALE 1
#define HAVE_LIMITS_H 1
#define HAVE_STDLIB_H 1
#define HAVE_STRING_H 1
#define HAVE_SYS_TIME_H 1
#define HAVE_UNISTD_H 1
#define HAVE__BOOL 1
#define HAVE_STDBOOL_H 1
#define HAVE_STDLIB_H 1
#define HAVE_MALLOC 1
#define HAVE_STDLIB_H 1
#define HAVE_REALLOC 1
#define HAVE_FLOOR 1
#define HAVE_GETTIMEOFDAY 1
#define HAVE_MEMMOVE 1
#define HAVE_MEMSET 1
#define HAVE_POW 1
#define HAVE_SQRT 1
#define HAVE_STRCASECMP 1
#define HAVE_STRDUP 1
#define HAVE_STRNCASECMP 1

configure: exit 0

## ---------------------- ##
## Running config.status. ##
## ---------------------- ##

This file was extended by pHash config.status 0.0.5, which was
generated by GNU Autoconf 2.63.  Invocation command line was

  CONFIG_FILES    = 
  CONFIG_HEADERS  = 
  CONFIG_LINKS    = 
  CONFIG_COMMANDS = 
  $ ./config.status config.h

on midnight-raider

config.status:822: creating config.h
config.status:1044: config.h is unchanged
